<?xml version="1.0" encoding="UTF-8"?>
<testng-results ignored="2" total="6" passed="4" failed="0" skipped="0">
  <reporter-output>
  </reporter-output>
  <suite started-at="2022-07-26T22:06:47 IST" name="All Test Suite" finished-at="2022-07-26T22:06:56 IST" duration-ms="9285">
    <groups>
    </groups>
    <test started-at="2022-07-26T22:06:47 IST" name="F:/SwagLabs" finished-at="2022-07-26T22:06:56 IST" duration-ms="9285">
      <class name="com.saucedemo.CashItemout">
        <test-method signature="cashOut()[pri:0, instance:com.saucedemo.CashItemout@60bd273d]" started-at="2022-07-26T22:06:56 IST" name="cashOut" finished-at="2022-07-26T22:06:56 IST" duration-ms="381" status="PASS">
          <reporter-output>
          </reporter-output>
        </test-method> <!-- cashOut -->
      </class> <!-- com.saucedemo.CashItemout -->
      <class name="com.saucedemo.Login">
        <test-method is-config="true" signature="startTest()[pri:0, instance:com.saucedemo.Login@771a660]" started-at="2022-07-26T22:06:47 IST" name="startTest" finished-at="2022-07-26T22:06:54 IST" duration-ms="7619" status="PASS">
          <reporter-output>
          </reporter-output>
        </test-method> <!-- startTest -->
        <test-method signature="testLogin()[pri:0, instance:com.saucedemo.Login@771a660]" started-at="2022-07-26T22:06:54 IST" name="testLogin" finished-at="2022-07-26T22:06:55 IST" duration-ms="397" status="PASS">
          <reporter-output>
          </reporter-output>
        </test-method> <!-- testLogin -->
        <test-method is-config="true" signature="stopTest()[pri:0, instance:com.saucedemo.Login@771a660]" started-at="2022-07-26T22:06:56 IST" name="stopTest" finished-at="2022-07-26T22:06:56 IST" duration-ms="91" status="PASS">
          <reporter-output>
          </reporter-output>
        </test-method> <!-- stopTest -->
      </class> <!-- com.saucedemo.Login -->
      <class name="com.saucedemo.AddToCart">
        <test-method signature="addToCart()[pri:0, instance:com.saucedemo.AddToCart@4f80542f]" started-at="2022-07-26T22:06:55 IST" name="addToCart" finished-at="2022-07-26T22:06:55 IST" duration-ms="538" status="PASS">
          <reporter-output>
          </reporter-output>
        </test-method> <!-- addToCart -->
        <test-method signature="cart()[pri:0, instance:com.saucedemo.AddToCart@4f80542f]" started-at="2022-07-26T22:06:55 IST" name="cart" finished-at="2022-07-26T22:06:56 IST" duration-ms="173" status="PASS">
          <reporter-output>
          </reporter-output>
        </test-method> <!-- cart -->
      </class> <!-- com.saucedemo.AddToCart -->
    </test> <!-- F:/SwagLabs -->
  </suite> <!-- All Test Suite -->
</testng-results>
